<?xml version="1.0" encoding="UTF-8"?>
<beans xmlns="http://www.springframework.org/schema/beans"
       xmlns:task="http://www.springframework.org/schema/task"
       xmlns:mvc="http://www.springframework.org/schema/mvc" xmlns:xsi="http://www.w3.org/2001/XMLSchema-instance"
       xmlns:p="http://www.springframework.org/schema/p" xmlns:context="http://www.springframework.org/schema/context"
       xsi:schemaLocation="http://www.springframework.org/schema/beans
		http://www.springframework.org/schema/beans/spring-beans-4.1.xsd
		http://www.springframework.org/schema/context
		http://www.springframework.org/schema/context/spring-context-4.1.xsd
		http://www.springframework.org/schema/mvc
		http://www.springframework.org/schema/mvc/spring-mvc-4.1.xsd
		http://www.springframework.org/schema/task
		http://www.springframework.org/schema/task/spring-task-3.2.xsd">

    <!-- 自动扫描controller包下的所有类，如果@Controller注入为bean -->
    <context:component-scan base-package="com.analyze.controller" />
    <!-- 定时任务扫描 -->
    <task:annotation-driven/>
    <context:component-scan base-package="com.analyze.schedule" />

    <!-- 避免IE执行AJAX时,返回JSON出现下载文件 -->
    <bean id="mappingJacksonHttpMessageConverter"
          class="org.springframework.http.converter.json.MappingJackson2HttpMessageConverter">
        <property name="supportedMediaTypes">
            <list>
                <value>text/html;charset=UTF-8</value>
            </list>
        </property>
    </bean>

    <!-- 启动Spring MVC的注解功能，完成请求和注解POJO的映射 -->
    <bean
            class="org.springframework.web.servlet.mvc.annotation.AnnotationMethodHandlerAdapter">
        <property name="messageConverters">
            <list>
                <!-- json转换器 -->
                <ref bean="mappingJacksonHttpMessageConverter" />
            </list>
        </property>
    </bean>



    <!-- 配置基于Session的处理,将提交上来的locale参数进行处理 -->
    <bean id="localeResolver" class="org.springframework.web.servlet.i18n.SessionLocaleResolver">
        <!-- 该属性可以不用配置 -->
        <property name="defaultLocale" value="ja"></property>
    </bean>

    <!-- 国际化请求拦截器处理 -->
    <mvc:interceptors>
        <bean class="org.springframework.web.servlet.i18n.LocaleChangeInterceptor" />
        <!--         <mvc:interceptor> -->
        <!--         	<mvc:mapping path="/*.jsp"/> -->
        <!--         	<mvc:mapping path="/*.htm"/> -->
        <!--         	<bean class="com.analyze.interceptor.SingleUserInterceptor"></bean> -->
        <!--         </mvc:interceptor> -->
    </mvc:interceptors>



    <!-- 对模型视图名称的解析，即在模型视图名称添加前后缀 -->
    <bean
            class="org.springframework.web.servlet.view.InternalResourceViewResolver">
        <property name="viewClass"
                  value="org.springframework.web.servlet.view.JstlView" />
        <property name="prefix" value="/page/" />
        <property name="suffix" value=".jsp" />
    </bean>

    <!-- 配置多文件上传 -->
    <bean id="multipartResolver"
          class="org.springframework.web.multipart.commons.CommonsMultipartResolver">
        <property name="defaultEncoding">
            <value>UTF-8</value>
        </property>
        <property name="maxUploadSize">
            <!-- 上传文件大小限制为31M，31*1024*1024 -->
            <value>32505856</value>
        </property>
        <property name="maxInMemorySize">
            <value>4096</value>
        </property>
    </bean>

</beans>